[2019-03-19 10:16:36] Текст ошибки: Нет соединения с БД | Файл: E:\OSPanel\domains\store.local\vendor\ishop\core\Db.php | Строка: 15
=================
[2019-03-19 11:11:17] Текст ошибки: Страница не найдена | Файл: E:\OSPanel\domains\store.local\vendor\ishop\core\Router.php | Строка: 53
=================
[2019-03-19 11:11:17] Текст ошибки: Страница не найдена | Файл: E:\OSPanel\domains\store.local\vendor\ishop\core\Router.php | Строка: 53
=================
[2019-03-19 11:11:17] Текст ошибки: Страница не найдена | Файл: E:\OSPanel\domains\store.local\vendor\ishop\core\Router.php | Строка: 53
=================
[2019-03-19 11:11:17] Текст ошибки: Страница не найдена | Файл: E:\OSPanel\domains\store.local\vendor\ishop\core\Router.php | Строка: 53
=================
[2019-03-19 11:11:17] Текст ошибки: Страница не найдена | Файл: E:\OSPanel\domains\store.local\vendor\ishop\core\Router.php | Строка: 53
=================
[2019-03-19 11:11:17] Текст ошибки: Страница не найдена | Файл: E:\OSPanel\domains\store.local\vendor\ishop\core\Router.php | Строка: 53
=================
[2019-03-19 11:11:17] Текст ошибки: Страница не найдена | Файл: E:\OSPanel\domains\store.local\vendor\ishop\core\Router.php | Строка: 53
=================
[2019-03-19 11:11:17] Текст ошибки: Страница не найдена | Файл: E:\OSPanel\domains\store.local\vendor\ishop\core\Router.php | Строка: 53
=================
[2019-03-19 11:11:17] Текст ошибки: Страница не найдена | Файл: E:\OSPanel\domains\store.local\vendor\ishop\core\Router.php | Строка: 53
=================
[2019-03-19 11:11:17] Текст ошибки: Страница не найдена | Файл: E:\OSPanel\domains\store.local\vendor\ishop\core\Router.php | Строка: 53
=================
[2019-03-19 11:11:17] Текст ошибки: Страница не найдена | Файл: E:\OSPanel\domains\store.local\vendor\ishop\core\Router.php | Строка: 53
=================
[2019-03-19 11:11:17] Текст ошибки: Страница не найдена | Файл: E:\OSPanel\domains\store.local\vendor\ishop\core\Router.php | Строка: 53
=================
[2019-03-19 11:11:17] Текст ошибки: Страница не найдена | Файл: E:\OSPanel\domains\store.local\vendor\ishop\core\Router.php | Строка: 53
=================
[2019-03-19 11:11:17] Текст ошибки: Страница не найдена | Файл: E:\OSPanel\domains\store.local\vendor\ishop\core\Router.php | Строка: 53
=================
[2019-03-19 11:11:17] Текст ошибки: Страница не найдена | Файл: E:\OSPanel\domains\store.local\vendor\ishop\core\Router.php | Строка: 53
=================
[2019-03-19 11:11:17] Текст ошибки: Страница не найдена | Файл: E:\OSPanel\domains\store.local\vendor\ishop\core\Router.php | Строка: 53
=================
[2019-03-19 11:11:17] Текст ошибки: Страница не найдена | Файл: E:\OSPanel\domains\store.local\vendor\ishop\core\Router.php | Строка: 53
=================
[2019-03-19 11:11:17] Текст ошибки: Страница не найдена | Файл: E:\OSPanel\domains\store.local\vendor\ishop\core\Router.php | Строка: 53
=================
[2019-03-19 11:11:17] Текст ошибки: Страница не найдена | Файл: E:\OSPanel\domains\store.local\vendor\ishop\core\Router.php | Строка: 53
=================
[2019-03-19 11:11:17] Текст ошибки: Страница не найдена | Файл: E:\OSPanel\domains\store.local\vendor\ishop\core\Router.php | Строка: 53
=================
[2019-03-19 11:11:17] Текст ошибки: Страница не найдена | Файл: E:\OSPanel\domains\store.local\vendor\ishop\core\Router.php | Строка: 53
=================
[2019-03-19 11:11:17] Текст ошибки: Страница не найдена | Файл: E:\OSPanel\domains\store.local\vendor\ishop\core\Router.php | Строка: 53
=================
[2019-03-19 11:11:18] Текст ошибки: Страница не найдена | Файл: E:\OSPanel\domains\store.local\vendor\ishop\core\Router.php | Строка: 53
=================
[2019-03-19 11:11:18] Текст ошибки: Страница не найдена | Файл: E:\OSPanel\domains\store.local\vendor\ishop\core\Router.php | Строка: 53
=================
[2019-03-19 11:11:18] Текст ошибки: Страница не найдена | Файл: E:\OSPanel\domains\store.local\vendor\ishop\core\Router.php | Строка: 53
=================
[2019-03-19 11:11:18] Текст ошибки: Страница не найдена | Файл: E:\OSPanel\domains\store.local\vendor\ishop\core\Router.php | Строка: 53
=================
[2019-03-19 11:11:18] Текст ошибки: Страница не найдена | Файл: E:\OSPanel\domains\store.local\vendor\ishop\core\Router.php | Строка: 53
=================
[2019-03-19 11:11:18] Текст ошибки: Страница не найдена | Файл: E:\OSPanel\domains\store.local\vendor\ishop\core\Router.php | Строка: 53
=================
[2019-03-19 11:38:51] Текст ошибки: Страница не найдена | Файл: E:\OSPanel\domains\store.local\vendor\ishop\core\Router.php | Строка: 53
=================
[2019-03-19 11:38:51] Текст ошибки: Страница не найдена | Файл: E:\OSPanel\domains\store.local\vendor\ishop\core\Router.php | Строка: 53
=================
[2019-03-19 11:38:51] Текст ошибки: Страница не найдена | Файл: E:\OSPanel\domains\store.local\vendor\ishop\core\Router.php | Строка: 53
=================
[2019-03-19 11:38:51] Текст ошибки: Страница не найдена | Файл: E:\OSPanel\domains\store.local\vendor\ishop\core\Router.php | Строка: 53
=================
[2019-03-19 11:38:51] Текст ошибки: Страница не найдена | Файл: E:\OSPanel\domains\store.local\vendor\ishop\core\Router.php | Строка: 53
=================
[2019-03-19 11:38:51] Текст ошибки: Страница не найдена | Файл: E:\OSPanel\domains\store.local\vendor\ishop\core\Router.php | Строка: 53
=================
[2019-03-19 11:38:51] Текст ошибки: Страница не найдена | Файл: E:\OSPanel\domains\store.local\vendor\ishop\core\Router.php | Строка: 53
=================
[2019-03-19 11:38:51] Текст ошибки: Страница не найдена | Файл: E:\OSPanel\domains\store.local\vendor\ishop\core\Router.php | Строка: 53
=================
[2019-03-19 11:38:51] Текст ошибки: Страница не найдена | Файл: E:\OSPanel\domains\store.local\vendor\ishop\core\Router.php | Строка: 53
=================
[2019-03-19 11:38:51] Текст ошибки: Страница не найдена | Файл: E:\OSPanel\domains\store.local\vendor\ishop\core\Router.php | Строка: 53
=================
[2019-03-19 11:38:51] Текст ошибки: Страница не найдена | Файл: E:\OSPanel\domains\store.local\vendor\ishop\core\Router.php | Строка: 53
=================
[2019-03-19 11:38:51] Текст ошибки: Страница не найдена | Файл: E:\OSPanel\domains\store.local\vendor\ishop\core\Router.php | Строка: 53
=================
[2019-03-19 11:38:51] Текст ошибки: Страница не найдена | Файл: E:\OSPanel\domains\store.local\vendor\ishop\core\Router.php | Строка: 53
=================
[2019-03-19 11:38:51] Текст ошибки: Страница не найдена | Файл: E:\OSPanel\domains\store.local\vendor\ishop\core\Router.php | Строка: 53
=================
[2019-03-19 11:38:51] Текст ошибки: Страница не найдена | Файл: E:\OSPanel\domains\store.local\vendor\ishop\core\Router.php | Строка: 53
=================
[2019-03-19 11:38:51] Текст ошибки: Страница не найдена | Файл: E:\OSPanel\domains\store.local\vendor\ishop\core\Router.php | Строка: 53
=================
[2019-03-19 11:38:51] Текст ошибки: Страница не найдена | Файл: E:\OSPanel\domains\store.local\vendor\ishop\core\Router.php | Строка: 53
=================
[2019-03-19 11:38:51] Текст ошибки: Страница не найдена | Файл: E:\OSPanel\domains\store.local\vendor\ishop\core\Router.php | Строка: 53
=================
[2019-03-19 11:38:51] Текст ошибки: Страница не найдена | Файл: E:\OSPanel\domains\store.local\vendor\ishop\core\Router.php | Строка: 53
=================
[2019-03-19 11:38:51] Текст ошибки: Страница не найдена | Файл: E:\OSPanel\domains\store.local\vendor\ishop\core\Router.php | Строка: 53
=================
[2019-03-19 11:38:51] Текст ошибки: Страница не найдена | Файл: E:\OSPanel\domains\store.local\vendor\ishop\core\Router.php | Строка: 53
=================
[2019-03-19 11:38:51] Текст ошибки: Страница не найдена | Файл: E:\OSPanel\domains\store.local\vendor\ishop\core\Router.php | Строка: 53
=================
[2019-03-19 11:38:51] Текст ошибки: Страница не найдена | Файл: E:\OSPanel\domains\store.local\vendor\ishop\core\Router.php | Строка: 53
=================
[2019-03-19 11:38:51] Текст ошибки: Страница не найдена | Файл: E:\OSPanel\domains\store.local\vendor\ishop\core\Router.php | Строка: 53
=================
[2019-03-19 11:38:51] Текст ошибки: Страница не найдена | Файл: E:\OSPanel\domains\store.local\vendor\ishop\core\Router.php | Строка: 53
=================
[2019-03-19 11:38:51] Текст ошибки: Страница не найдена | Файл: E:\OSPanel\domains\store.local\vendor\ishop\core\Router.php | Строка: 53
=================
[2019-03-19 11:38:51] Текст ошибки: Страница не найдена | Файл: E:\OSPanel\domains\store.local\vendor\ishop\core\Router.php | Строка: 53
=================
[2019-03-19 11:38:51] Текст ошибки: Страница не найдена | Файл: E:\OSPanel\domains\store.local\vendor\ishop\core\Router.php | Строка: 53
=================
[2019-03-19 11:38:52] Текст ошибки: Страница не найдена | Файл: E:\OSPanel\domains\store.local\vendor\ishop\core\Router.php | Строка: 53
=================
[2019-03-19 11:38:52] Текст ошибки: Страница не найдена | Файл: E:\OSPanel\domains\store.local\vendor\ishop\core\Router.php | Строка: 53
=================
[2019-03-19 11:38:52] Текст ошибки: Страница не найдена | Файл: E:\OSPanel\domains\store.local\vendor\ishop\core\Router.php | Строка: 53
=================
[2019-03-19 11:38:52] Текст ошибки: Страница не найдена | Файл: E:\OSPanel\domains\store.local\vendor\ishop\core\Router.php | Строка: 53
=================
[2019-03-19 11:38:52] Текст ошибки: Страница не найдена | Файл: E:\OSPanel\domains\store.local\vendor\ishop\core\Router.php | Строка: 53
=================
[2019-03-19 11:38:52] Текст ошибки: Страница не найдена | Файл: E:\OSPanel\domains\store.local\vendor\ishop\core\Router.php | Строка: 53
=================
[2019-03-19 11:38:52] Текст ошибки: Страница не найдена | Файл: E:\OSPanel\domains\store.local\vendor\ishop\core\Router.php | Строка: 53
=================
[2019-03-19 11:38:52] Текст ошибки: Страница не найдена | Файл: E:\OSPanel\domains\store.local\vendor\ishop\core\Router.php | Строка: 53
=================
[2019-03-19 11:38:52] Текст ошибки: Страница не найдена | Файл: E:\OSPanel\domains\store.local\vendor\ishop\core\Router.php | Строка: 53
=================
[2019-03-19 11:38:52] Текст ошибки: Страница не найдена | Файл: E:\OSPanel\domains\store.local\vendor\ishop\core\Router.php | Строка: 53
=================
[2019-03-19 11:38:52] Текст ошибки: Страница не найдена | Файл: E:\OSPanel\domains\store.local\vendor\ishop\core\Router.php | Строка: 53
=================
[2019-03-19 11:38:52] Текст ошибки: Страница не найдена | Файл: E:\OSPanel\domains\store.local\vendor\ishop\core\Router.php | Строка: 53
=================
[2019-03-19 11:38:52] Текст ошибки: Страница не найдена | Файл: E:\OSPanel\domains\store.local\vendor\ishop\core\Router.php | Строка: 53
=================
[2019-03-19 11:38:52] Текст ошибки: Страница не найдена | Файл: E:\OSPanel\domains\store.local\vendor\ishop\core\Router.php | Строка: 53
=================
[2019-03-19 11:38:52] Текст ошибки: Страница не найдена | Файл: E:\OSPanel\domains\store.local\vendor\ishop\core\Router.php | Строка: 53
=================
[2019-03-19 11:38:52] Текст ошибки: Страница не найдена | Файл: E:\OSPanel\domains\store.local\vendor\ishop\core\Router.php | Строка: 53
=================
[2019-03-19 11:38:52] Текст ошибки: Страница не найдена | Файл: E:\OSPanel\domains\store.local\vendor\ishop\core\Router.php | Строка: 53
=================
[2019-03-19 11:38:52] Текст ошибки: Страница не найдена | Файл: E:\OSPanel\domains\store.local\vendor\ishop\core\Router.php | Строка: 53
=================
[2019-03-19 11:38:52] Текст ошибки: Страница не найдена | Файл: E:\OSPanel\domains\store.local\vendor\ishop\core\Router.php | Строка: 53
=================
[2019-03-19 11:38:52] Текст ошибки: Страница не найдена | Файл: E:\OSPanel\domains\store.local\vendor\ishop\core\Router.php | Строка: 53
=================
[2019-03-19 11:38:52] Текст ошибки: Страница не найдена | Файл: E:\OSPanel\domains\store.local\vendor\ishop\core\Router.php | Строка: 53
=================
[2019-03-19 11:38:52] Текст ошибки: Страница не найдена | Файл: E:\OSPanel\domains\store.local\vendor\ishop\core\Router.php | Строка: 53
=================
[2019-03-19 11:38:52] Текст ошибки: Страница не найдена | Файл: E:\OSPanel\domains\store.local\vendor\ishop\core\Router.php | Строка: 53
=================
[2019-03-19 11:38:52] Текст ошибки: Страница не найдена | Файл: E:\OSPanel\domains\store.local\vendor\ishop\core\Router.php | Строка: 53
=================
[2019-03-19 11:38:52] Текст ошибки: Страница не найдена | Файл: E:\OSPanel\domains\store.local\vendor\ishop\core\Router.php | Строка: 53
=================
[2019-03-19 11:38:52] Текст ошибки: Страница не найдена | Файл: E:\OSPanel\domains\store.local\vendor\ishop\core\Router.php | Строка: 53
=================
[2019-03-19 11:38:52] Текст ошибки: Страница не найдена | Файл: E:\OSPanel\domains\store.local\vendor\ishop\core\Router.php | Строка: 53
=================
[2019-03-19 11:38:52] Текст ошибки: Страница не найдена | Файл: E:\OSPanel\domains\store.local\vendor\ishop\core\Router.php | Строка: 53
=================
[2019-03-19 11:41:15] Текст ошибки: Страница не найдена | Файл: E:\OSPanel\domains\store.local\vendor\ishop\core\Router.php | Строка: 53
=================
[2019-03-19 11:49:41] Текст ошибки: Страница не найдена | Файл: E:\OSPanel\domains\store.local\vendor\ishop\core\Router.php | Строка: 53
=================
[2019-03-19 11:55:02] Текст ошибки: Страница не найдена | Файл: E:\OSPanel\domains\store.local\vendor\ishop\core\Router.php | Строка: 53
=================
[2019-03-19 11:55:12] Текст ошибки: Страница не найдена | Файл: E:\OSPanel\domains\store.local\vendor\ishop\core\Router.php | Строка: 53
=================
[2019-03-19 11:55:50] Текст ошибки: Страница не найдена | Файл: E:\OSPanel\domains\store.local\vendor\ishop\core\Router.php | Строка: 53
=================
[2019-03-19 13:52:45] Текст ошибки: Страница не найдена | Файл: E:\OSPanel\domains\store.local\vendor\ishop\core\Router.php | Строка: 53
=================
[2019-03-19 14:28:07] Текст ошибки: Страница не найдена | Файл: E:\OSPanel\domains\store.local\vendor\ishop\core\Router.php | Строка: 53
=================
[2019-03-19 14:29:35] Текст ошибки: Страница не найдена | Файл: E:\OSPanel\domains\store.local\vendor\ishop\core\Router.php | Строка: 53
=================
[2019-03-19 14:30:10] Текст ошибки: Страница не найдена | Файл: E:\OSPanel\domains\store.local\vendor\ishop\core\Router.php | Строка: 53
=================
[2019-03-19 14:31:15] Текст ошибки: Страница не найдена | Файл: E:\OSPanel\domains\store.local\vendor\ishop\core\Router.php | Строка: 53
=================
[2019-03-19 14:42:06] Текст ошибки: Страница не найдена | Файл: E:\OSPanel\domains\store.local\vendor\ishop\core\Router.php | Строка: 53
=================
[2019-03-19 14:44:55] Текст ошибки: Страница не найдена | Файл: E:\OSPanel\domains\store.local\vendor\ishop\core\Router.php | Строка: 53
=================
[2019-03-19 14:45:20] Текст ошибки: Страница не найдена | Файл: E:\OSPanel\domains\store.local\vendor\ishop\core\Router.php | Строка: 53
=================
[2019-03-19 14:45:42] Текст ошибки: Страница не найдена | Файл: E:\OSPanel\domains\store.local\vendor\ishop\core\Router.php | Строка: 53
=================
[2019-03-19 20:53:12] Текст ошибки: Страница не найдена | Файл: E:\OSPanel\domains\store.local\vendor\ishop\core\Router.php | Строка: 53
=================
[2019-03-19 21:01:01] Текст ошибки: Страница не найдена | Файл: E:\OSPanel\domains\store.local\vendor\ishop\core\Router.php | Строка: 53
=================
[2019-03-19 21:03:41] Текст ошибки: Страница не найдена | Файл: E:\OSPanel\domains\store.local\vendor\ishop\core\Router.php | Строка: 53
=================
[2019-03-19 21:03:45] Текст ошибки: Страница не найдена | Файл: E:\OSPanel\domains\store.local\vendor\ishop\core\Router.php | Строка: 53
=================
[2019-03-19 21:05:01] Текст ошибки: Страница не найдена | Файл: E:\OSPanel\domains\store.local\vendor\ishop\core\Router.php | Строка: 53
=================
[2019-03-19 21:21:17] Текст ошибки: Страница не найдена | Файл: E:\OSPanel\domains\store.local\vendor\ishop\core\Router.php | Строка: 53
=================
[2019-03-19 21:21:25] Текст ошибки: Страница не найдена | Файл: E:\OSPanel\domains\store.local\vendor\ishop\core\Router.php | Строка: 53
=================
[2019-03-19 21:21:37] Текст ошибки: Страница не найдена | Файл: E:\OSPanel\domains\store.local\vendor\ishop\core\Router.php | Строка: 53
=================
[2019-03-19 21:21:40] Текст ошибки: Страница не найдена | Файл: E:\OSPanel\domains\store.local\vendor\ishop\core\Router.php | Строка: 53
=================
[2019-03-19 21:21:41] Текст ошибки: Страница не найдена | Файл: E:\OSPanel\domains\store.local\vendor\ishop\core\Router.php | Строка: 53
=================
[2019-03-19 21:21:42] Текст ошибки: Страница не найдена | Файл: E:\OSPanel\domains\store.local\vendor\ishop\core\Router.php | Строка: 53
=================
[2019-03-19 22:12:01] Текст ошибки: Страница не найдена | Файл: E:\OSPanel\domains\store.local\vendor\ishop\core\Router.php | Строка: 53
=================
[2019-03-19 22:12:27] Текст ошибки: Страница не найдена | Файл: E:\OSPanel\domains\store.local\vendor\ishop\core\Router.php | Строка: 53
=================
[2019-03-19 22:12:34] Текст ошибки: Страница не найдена | Файл: E:\OSPanel\domains\store.local\vendor\ishop\core\Router.php | Строка: 53
=================
[2019-03-19 22:26:01] Текст ошибки: Страница не найдена | Файл: E:\OSPanel\domains\store.local\vendor\ishop\core\Router.php | Строка: 53
=================
[2019-03-19 22:26:36] Текст ошибки: Страница не найдена | Файл: E:\OSPanel\domains\store.local\vendor\ishop\core\Router.php | Строка: 53
=================
[2019-03-19 22:26:39] Текст ошибки: Не найден вид E:\OSPanel\domains\store.local/App/Views/Currency/change.php | Файл: E:\OSPanel\domains\store.local\vendor\ishop\core\base\View.php | Строка: 47
=================
[2019-03-19 22:26:47] Текст ошибки: Не найден вид E:\OSPanel\domains\store.local/App/Views/Currency/change.php | Файл: E:\OSPanel\domains\store.local\vendor\ishop\core\base\View.php | Строка: 47
=================
[2019-03-19 22:26:51] Текст ошибки: Страница не найдена | Файл: E:\OSPanel\domains\store.local\vendor\ishop\core\Router.php | Строка: 53
=================
[2019-03-19 22:27:08] Текст ошибки: Страница не найдена | Файл: E:\OSPanel\domains\store.local\vendor\ishop\core\Router.php | Строка: 53
=================
[2019-03-19 22:27:10] Текст ошибки: Страница не найдена | Файл: E:\OSPanel\domains\store.local\vendor\ishop\core\Router.php | Строка: 53
=================
[2019-03-19 22:27:11] Текст ошибки: Не найден вид E:\OSPanel\domains\store.local/App/Views/Currency/change.php | Файл: E:\OSPanel\domains\store.local\vendor\ishop\core\base\View.php | Строка: 47
=================
[2019-03-19 22:27:58] Текст ошибки: Не найден вид E:\OSPanel\domains\store.local/App/Views/Currency/change.php | Файл: E:\OSPanel\domains\store.local\vendor\ishop\core\base\View.php | Строка: 47
=================
[2019-03-19 22:28:01] Текст ошибки: Страница не найдена | Файл: E:\OSPanel\domains\store.local\vendor\ishop\core\Router.php | Строка: 53
=================
[2019-03-19 22:28:03] Текст ошибки: Страница не найдена | Файл: E:\OSPanel\domains\store.local\vendor\ishop\core\Router.php | Строка: 53
=================
[2019-03-19 22:28:12] Текст ошибки: Страница не найдена | Файл: E:\OSPanel\domains\store.local\vendor\ishop\core\Router.php | Строка: 53
=================
[2019-03-19 22:28:12] Текст ошибки: Страница не найдена | Файл: E:\OSPanel\domains\store.local\vendor\ishop\core\Router.php | Строка: 53
=================
[2019-03-19 22:28:14] Текст ошибки: Страница не найдена | Файл: E:\OSPanel\domains\store.local\vendor\ishop\core\Router.php | Строка: 53
=================
[2019-03-19 22:28:16] Текст ошибки: Не найден вид E:\OSPanel\domains\store.local/App/Views/Currency/change.php | Файл: E:\OSPanel\domains\store.local\vendor\ishop\core\base\View.php | Строка: 47
=================
[2019-03-19 22:29:26] Текст ошибки: Не найден вид E:\OSPanel\domains\store.local/App/Views/Currency/change.php | Файл: E:\OSPanel\domains\store.local\vendor\ishop\core\base\View.php | Строка: 47
=================
[2019-03-19 22:29:43] Текст ошибки: Не найден вид E:\OSPanel\domains\store.local/App/Views/Currency/change.php | Файл: E:\OSPanel\domains\store.local\vendor\ishop\core\base\View.php | Строка: 47
=================
[2019-03-19 22:30:03] Текст ошибки: Не найден вид E:\OSPanel\domains\store.local/App/Views/Currency/change.php | Файл: E:\OSPanel\domains\store.local\vendor\ishop\core\base\View.php | Строка: 47
=================
[2019-03-19 22:31:37] Текст ошибки: Страница не найдена | Файл: E:\OSPanel\domains\store.local\vendor\ishop\core\Router.php | Строка: 53
=================
[2019-03-19 22:31:42] Текст ошибки: Страница не найдена | Файл: E:\OSPanel\domains\store.local\vendor\ishop\core\Router.php | Строка: 53
=================
[2019-03-19 22:31:47] Текст ошибки: Страница не найдена | Файл: E:\OSPanel\domains\store.local\vendor\ishop\core\Router.php | Строка: 53
=================
[2019-03-19 22:31:49] Текст ошибки: Страница не найдена | Файл: E:\OSPanel\domains\store.local\vendor\ishop\core\Router.php | Строка: 53
=================
[2019-03-19 22:31:52] Текст ошибки: Страница не найдена | Файл: E:\OSPanel\domains\store.local\vendor\ishop\core\Router.php | Строка: 53
=================
[2019-03-19 22:33:11] Текст ошибки: Страница не найдена | Файл: E:\OSPanel\domains\store.local\vendor\ishop\core\Router.php | Строка: 53
=================
[2019-03-19 22:33:13] Текст ошибки: Не найден вид E:\OSPanel\domains\store.local/App/Views/Currency/change.php | Файл: E:\OSPanel\domains\store.local\vendor\ishop\core\base\View.php | Строка: 47
=================
[2019-03-19 22:35:14] Текст ошибки: Не найден вид E:\OSPanel\domains\store.local/App/Views/Currency/change.php | Файл: E:\OSPanel\domains\store.local\vendor\ishop\core\base\View.php | Строка: 47
=================
[2019-03-20 09:18:11] Текст ошибки: Страница не найдена | Файл: E:\OSPanel\domains\store.local\vendor\ishop\core\Router.php | Строка: 53
=================
[2019-03-20 10:08:59] Текст ошибки: syntax error, unexpected '->' (T_OBJECT_OPERATOR) | Файл: E:\OSPanel\domains\store.local\App\Controllers\AppController.php | Строка: 26
=================
[2019-03-20 10:09:12] Текст ошибки: syntax error, unexpected '->' (T_OBJECT_OPERATOR) | Файл: E:\OSPanel\domains\store.local\App\Controllers\AppController.php | Строка: 26
=================
[2019-03-20 10:09:13] Текст ошибки: syntax error, unexpected '->' (T_OBJECT_OPERATOR) | Файл: E:\OSPanel\domains\store.local\App\Controllers\AppController.php | Строка: 26
=================
[2019-03-20 10:09:13] Текст ошибки: syntax error, unexpected '->' (T_OBJECT_OPERATOR) | Файл: E:\OSPanel\domains\store.local\App\Controllers\AppController.php | Строка: 26
=================
[2019-03-20 10:09:13] Текст ошибки: syntax error, unexpected '->' (T_OBJECT_OPERATOR) | Файл: E:\OSPanel\domains\store.local\App\Controllers\AppController.php | Строка: 26
=================
[2019-03-20 10:28:29] Текст ошибки: Страница не найдена | Файл: E:\OSPanel\domains\store.local\vendor\ishop\core\Router.php | Строка: 53
=================
[2019-03-20 11:09:52] Текст ошибки: Страница не найдена | Файл: E:\OSPanel\domains\store.local\vendor\ishop\core\Router.php | Строка: 53
=================
[2019-03-20 11:11:25] Текст ошибки: Страница не найдена | Файл: E:\OSPanel\domains\store.local\vendor\ishop\core\Router.php | Строка: 53
=================
[2019-03-20 11:12:00] Текст ошибки: Страница не найдена | Файл: E:\OSPanel\domains\store.local\vendor\ishop\core\Router.php | Строка: 53
=================
[2019-03-20 11:12:15] Текст ошибки: Страница не найдена | Файл: E:\OSPanel\domains\store.local\vendor\ishop\core\Router.php | Строка: 53
=================
[2019-03-20 11:12:47] Текст ошибки: Страница не найдена | Файл: E:\OSPanel\domains\store.local\vendor\ishop\core\Router.php | Строка: 53
=================
[2019-03-20 11:13:33] Текст ошибки: Страница не найдена | Файл: E:\OSPanel\domains\store.local\vendor\ishop\core\Router.php | Строка: 53
=================
[2019-03-20 11:13:43] Текст ошибки: Страница не найдена | Файл: E:\OSPanel\domains\store.local\vendor\ishop\core\Router.php | Строка: 53
=================
[2019-03-20 11:13:48] Текст ошибки: Страница не найдена | Файл: E:\OSPanel\domains\store.local\vendor\ishop\core\Router.php | Строка: 53
=================
[2019-03-20 11:14:13] Текст ошибки: Страница не найдена | Файл: E:\OSPanel\domains\store.local\vendor\ishop\core\Router.php | Строка: 53
=================
[2019-03-20 11:14:56] Текст ошибки: Страница не найдена | Файл: E:\OSPanel\domains\store.local\vendor\ishop\core\Router.php | Строка: 53
=================
[2019-03-20 11:15:37] Текст ошибки: Страница не найдена | Файл: E:\OSPanel\domains\store.local\vendor\ishop\core\Router.php | Строка: 53
=================
[2019-03-20 11:15:48] Текст ошибки: Страница не найдена | Файл: E:\OSPanel\domains\store.local\vendor\ishop\core\Router.php | Строка: 53
=================
[2019-03-20 11:15:54] Текст ошибки: Страница не найдена | Файл: E:\OSPanel\domains\store.local\vendor\ishop\core\Router.php | Строка: 53
=================
[2019-03-20 11:15:55] Текст ошибки: Страница не найдена | Файл: E:\OSPanel\domains\store.local\vendor\ishop\core\Router.php | Строка: 53
=================
[2019-03-20 11:15:55] Текст ошибки: Страница не найдена | Файл: E:\OSPanel\domains\store.local\vendor\ishop\core\Router.php | Строка: 53
=================
[2019-03-20 11:15:58] Текст ошибки: Страница не найдена | Файл: E:\OSPanel\domains\store.local\vendor\ishop\core\Router.php | Строка: 53
=================
[2019-03-20 11:15:59] Текст ошибки: Страница не найдена | Файл: E:\OSPanel\domains\store.local\vendor\ishop\core\Router.php | Строка: 53
=================
[2019-03-20 11:16:09] Текст ошибки: Страница не найдена | Файл: E:\OSPanel\domains\store.local\vendor\ishop\core\Router.php | Строка: 53
=================
[2019-03-20 11:21:04] Текст ошибки: Страница не найдена | Файл: E:\OSPanel\domains\store.local\vendor\ishop\core\Router.php | Строка: 53
=================
[2019-03-20 11:22:12] Текст ошибки: Страница не найдена | Файл: E:\OSPanel\domains\store.local\vendor\ishop\core\Router.php | Строка: 53
=================
[2019-03-20 11:22:57] Текст ошибки: Страница не найдена | Файл: E:\OSPanel\domains\store.local\vendor\ishop\core\Router.php | Строка: 53
=================
[2019-03-20 11:22:57] Текст ошибки: Страница не найдена | Файл: E:\OSPanel\domains\store.local\vendor\ishop\core\Router.php | Строка: 53
=================
[2019-03-20 11:23:06] Текст ошибки: Страница не найдена | Файл: E:\OSPanel\domains\store.local\vendor\ishop\core\Router.php | Строка: 53
=================
[2019-03-20 11:23:20] Текст ошибки: Страница не найдена | Файл: E:\OSPanel\domains\store.local\vendor\ishop\core\Router.php | Строка: 53
=================
[2019-03-20 11:23:35] Текст ошибки: Страница не найдена | Файл: E:\OSPanel\domains\store.local\vendor\ishop\core\Router.php | Строка: 53
=================
[2019-03-20 11:23:41] Текст ошибки: Страница не найдена | Файл: E:\OSPanel\domains\store.local\vendor\ishop\core\Router.php | Строка: 53
=================
[2019-03-20 11:23:53] Текст ошибки: Страница не найдена | Файл: E:\OSPanel\domains\store.local\vendor\ishop\core\Router.php | Строка: 53
=================
[2019-03-20 11:24:05] Текст ошибки: Страница не найдена | Файл: E:\OSPanel\domains\store.local\vendor\ishop\core\Router.php | Строка: 53
=================
[2019-03-20 11:25:09] Текст ошибки: Страница не найдена | Файл: E:\OSPanel\domains\store.local\vendor\ishop\core\Router.php | Строка: 53
=================
[2019-03-20 11:28:33] Текст ошибки: Страница не найдена | Файл: E:\OSPanel\domains\store.local\vendor\ishop\core\Router.php | Строка: 53
=================
[2019-03-20 11:29:19] Текст ошибки: Страница не найдена | Файл: E:\OSPanel\domains\store.local\vendor\ishop\core\Router.php | Строка: 53
=================
[2019-03-20 11:29:27] Текст ошибки: Страница не найдена | Файл: E:\OSPanel\domains\store.local\vendor\ishop\core\Router.php | Строка: 53
=================
[2019-03-20 11:29:28] Текст ошибки: Страница не найдена | Файл: E:\OSPanel\domains\store.local\vendor\ishop\core\Router.php | Строка: 53
=================
[2019-03-20 11:29:52] Текст ошибки: Страница не найдена | Файл: E:\OSPanel\domains\store.local\vendor\ishop\core\Router.php | Строка: 53
=================
[2019-03-20 11:29:53] Текст ошибки: Страница не найдена | Файл: E:\OSPanel\domains\store.local\vendor\ishop\core\Router.php | Строка: 53
=================
[2019-03-20 11:30:03] Текст ошибки: Страница не найдена | Файл: E:\OSPanel\domains\store.local\vendor\ishop\core\Router.php | Строка: 53
=================
[2019-03-20 11:30:04] Текст ошибки: Страница не найдена | Файл: E:\OSPanel\domains\store.local\vendor\ishop\core\Router.php | Строка: 53
=================
[2019-03-20 11:41:15] Текст ошибки: Страница не найдена | Файл: E:\OSPanel\domains\store.local\vendor\ishop\core\Router.php | Строка: 53
=================
[2019-03-20 11:43:18] Текст ошибки: Контроллер App\Controllers\CategoryController не найден | Файл: E:\OSPanel\domains\store.local\vendor\ishop\core\Router.php | Строка: 49
=================
[2019-03-20 11:44:27] Текст ошибки: Страница не найдена | Файл: E:\OSPanel\domains\store.local\vendor\ishop\core\Router.php | Строка: 53
=================
[2019-03-20 11:45:03] Текст ошибки: Страница не найдена | Файл: E:\OSPanel\domains\store.local\vendor\ishop\core\Router.php | Строка: 53
=================
[2019-03-20 11:45:03] Текст ошибки: Страница не найдена | Файл: E:\OSPanel\domains\store.local\vendor\ishop\core\Router.php | Строка: 53
=================
[2019-03-20 11:50:57] Текст ошибки: Страница не найдена | Файл: E:\OSPanel\domains\store.local\vendor\ishop\core\Router.php | Строка: 53
=================
[2019-03-20 11:51:57] Текст ошибки: Страница не найдена | Файл: E:\OSPanel\domains\store.local\vendor\ishop\core\Router.php | Строка: 53
=================
[2019-03-20 11:51:57] Текст ошибки: Страница не найдена | Файл: E:\OSPanel\domains\store.local\vendor\ishop\core\Router.php | Строка: 53
=================
[2019-03-20 11:51:59] Текст ошибки: Страница не найдена | Файл: E:\OSPanel\domains\store.local\vendor\ishop\core\Router.php | Строка: 53
=================
[2019-03-20 11:51:59] Текст ошибки: Страница не найдена | Файл: E:\OSPanel\domains\store.local\vendor\ishop\core\Router.php | Строка: 53
=================
[2019-03-20 11:52:00] Текст ошибки: Страница не найдена | Файл: E:\OSPanel\domains\store.local\vendor\ishop\core\Router.php | Строка: 53
=================
[2019-03-20 11:55:15] Текст ошибки: Страница не найдена | Файл: E:\OSPanel\domains\store.local\vendor\ishop\core\Router.php | Строка: 53
=================
[2019-03-20 11:55:24] Текст ошибки: Страница не найдена | Файл: E:\OSPanel\domains\store.local\vendor\ishop\core\Router.php | Строка: 53
=================
[2019-03-20 11:55:27] Текст ошибки: Страница не найдена | Файл: E:\OSPanel\domains\store.local\vendor\ishop\core\Router.php | Строка: 53
=================
[2019-03-20 12:09:54] Текст ошибки: Страница не найдена | Файл: E:\OSPanel\domains\store.local\vendor\ishop\core\Router.php | Строка: 53
=================
[2019-03-20 12:12:53] Текст ошибки: Контроллер App\Controllers\CategoryController не найден | Файл: E:\OSPanel\domains\store.local\vendor\ishop\core\Router.php | Строка: 49
=================
[2019-03-20 12:12:56] Текст ошибки: Страница не найдена | Файл: E:\OSPanel\domains\store.local\vendor\ishop\core\Router.php | Строка: 53
=================
[2019-03-20 12:13:32] Текст ошибки: Страница не найдена | Файл: E:\OSPanel\domains\store.local\vendor\ishop\core\Router.php | Строка: 53
=================
[2019-03-20 12:36:39] Текст ошибки: Контроллер App\Controllers\ProductController не найден | Файл: E:\OSPanel\domains\store.local\vendor\ishop\core\Router.php | Строка: 49
=================
[2019-03-20 12:38:01] Текст ошибки: Метод App\Controllers\ProductController::viewAction не найден | Файл: E:\OSPanel\domains\store.local\vendor\ishop\core\Router.php | Строка: 44
=================
[2019-03-20 12:38:06] Текст ошибки: Не найден вид E:\OSPanel\domains\store.local/App/Views/Product/view.php | Файл: E:\OSPanel\domains\store.local\vendor\ishop\core\base\View.php | Строка: 47
=================
[2019-03-20 12:38:41] Текст ошибки: Не найден вид E:\OSPanel\domains\store.local/App/Views/Product/view.php | Файл: E:\OSPanel\domains\store.local\vendor\ishop\core\base\View.php | Строка: 47
=================
[2019-03-20 12:39:47] Текст ошибки: Страница не найдена | Файл: E:\OSPanel\domains\store.local\vendor\ishop\core\Router.php | Строка: 53
=================
[2019-03-20 12:39:47] Текст ошибки: Страница не найдена | Файл: E:\OSPanel\domains\store.local\vendor\ishop\core\Router.php | Строка: 53
=================
[2019-03-20 12:39:47] Текст ошибки: Страница не найдена | Файл: E:\OSPanel\domains\store.local\vendor\ishop\core\Router.php | Строка: 53
=================
[2019-03-20 12:39:47] Текст ошибки: Страница не найдена | Файл: E:\OSPanel\domains\store.local\vendor\ishop\core\Router.php | Строка: 53
=================
[2019-03-20 12:39:47] Текст ошибки: Страница не найдена | Файл: E:\OSPanel\domains\store.local\vendor\ishop\core\Router.php | Строка: 53
=================
[2019-03-20 12:39:47] Текст ошибки: Страница не найдена | Файл: E:\OSPanel\domains\store.local\vendor\ishop\core\Router.php | Строка: 53
=================
[2019-03-20 12:39:47] Текст ошибки: Страница не найдена | Файл: E:\OSPanel\domains\store.local\vendor\ishop\core\Router.php | Строка: 53
=================
[2019-03-20 12:40:40] Текст ошибки: Страница не найдена | Файл: E:\OSPanel\domains\store.local\vendor\ishop\core\Router.php | Строка: 53
=================
[2019-03-20 12:40:40] Текст ошибки: Страница не найдена | Файл: E:\OSPanel\domains\store.local\vendor\ishop\core\Router.php | Строка: 53
=================
[2019-03-20 12:40:40] Текст ошибки: Страница не найдена | Файл: E:\OSPanel\domains\store.local\vendor\ishop\core\Router.php | Строка: 53
=================
[2019-03-20 12:40:43] Текст ошибки: Страница не найдена | Файл: E:\OSPanel\domains\store.local\vendor\ishop\core\Router.php | Строка: 53
=================
[2019-03-20 12:40:44] Текст ошибки: Страница не найдена | Файл: E:\OSPanel\domains\store.local\vendor\ishop\core\Router.php | Строка: 53
=================
[2019-03-20 12:40:44] Текст ошибки: Страница не найдена | Файл: E:\OSPanel\domains\store.local\vendor\ishop\core\Router.php | Строка: 53
=================
[2019-03-20 12:40:44] Текст ошибки: Страница не найдена | Файл: E:\OSPanel\domains\store.local\vendor\ishop\core\Router.php | Строка: 53
=================
[2019-03-20 12:40:46] Текст ошибки: Страница не найдена | Файл: E:\OSPanel\domains\store.local\vendor\ishop\core\Router.php | Строка: 53
=================
[2019-03-20 12:40:47] Текст ошибки: Страница не найдена | Файл: E:\OSPanel\domains\store.local\vendor\ishop\core\Router.php | Строка: 53
=================
[2019-03-20 12:40:47] Текст ошибки: Страница не найдена | Файл: E:\OSPanel\domains\store.local\vendor\ishop\core\Router.php | Строка: 53
=================
[2019-03-20 12:40:48] Текст ошибки: Страница не найдена | Файл: E:\OSPanel\domains\store.local\vendor\ishop\core\Router.php | Строка: 53
=================
[2019-03-20 12:40:58] Текст ошибки: Страница не найдена | Файл: E:\OSPanel\domains\store.local\vendor\ishop\core\Router.php | Строка: 53
=================
[2019-03-20 12:42:15] Текст ошибки: Страница не найдена | Файл: E:\OSPanel\domains\store.local\vendor\ishop\core\Router.php | Строка: 53
=================
[2019-03-20 12:42:19] Текст ошибки: Страница не найдена | Файл: E:\OSPanel\domains\store.local\vendor\ishop\core\Router.php | Строка: 53
=================
[2019-03-20 12:43:35] Текст ошибки: Страница не найдена | Файл: E:\OSPanel\domains\store.local\vendor\ishop\core\Router.php | Строка: 53
=================
[2019-03-20 12:47:32] Текст ошибки: Страница не найдена. Товар: casio-mq-24-7bul2 | Файл: E:\OSPanel\domains\store.local\App\Controllers\ProductController.php | Строка: 15
=================
[2019-03-20 12:47:34] Текст ошибки: Страница не найдена | Файл: E:\OSPanel\domains\store.local\vendor\ishop\core\Router.php | Строка: 53
=================
[2019-03-20 12:49:10] Текст ошибки: Страница не найдена | Файл: E:\OSPanel\domains\store.local\vendor\ishop\core\Router.php | Строка: 53
=================
[2019-03-20 12:49:10] Текст ошибки: Страница не найдена | Файл: E:\OSPanel\domains\store.local\vendor\ishop\core\Router.php | Строка: 53
=================
[2019-03-20 12:49:10] Текст ошибки: Страница не найдена | Файл: E:\OSPanel\domains\store.local\vendor\ishop\core\Router.php | Строка: 53
=================
[2019-03-20 12:49:10] Текст ошибки: Страница не найдена | Файл: E:\OSPanel\domains\store.local\vendor\ishop\core\Router.php | Строка: 53
=================
[2019-03-20 12:49:10] Текст ошибки: Страница не найдена | Файл: E:\OSPanel\domains\store.local\vendor\ishop\core\Router.php | Строка: 53
=================
[2019-03-20 12:49:10] Текст ошибки: Страница не найдена | Файл: E:\OSPanel\domains\store.local\vendor\ishop\core\Router.php | Строка: 53
=================
[2019-03-20 12:49:10] Текст ошибки: Страница не найдена | Файл: E:\OSPanel\domains\store.local\vendor\ishop\core\Router.php | Строка: 53
=================
[2019-03-20 12:49:10] Текст ошибки: Страница не найдена | Файл: E:\OSPanel\domains\store.local\vendor\ishop\core\Router.php | Строка: 53
=================
[2019-03-20 12:49:10] Текст ошибки: Страница не найдена | Файл: E:\OSPanel\domains\store.local\vendor\ishop\core\Router.php | Строка: 53
=================
[2019-03-20 12:49:10] Текст ошибки: Страница не найдена | Файл: E:\OSPanel\domains\store.local\vendor\ishop\core\Router.php | Строка: 53
=================
[2019-03-20 12:49:10] Текст ошибки: Страница не найдена | Файл: E:\OSPanel\domains\store.local\vendor\ishop\core\Router.php | Строка: 53
=================
[2019-03-20 12:49:10] Текст ошибки: Страница не найдена | Файл: E:\OSPanel\domains\store.local\vendor\ishop\core\Router.php | Строка: 53
=================
[2019-03-20 12:49:10] Текст ошибки: Страница не найдена | Файл: E:\OSPanel\domains\store.local\vendor\ishop\core\Router.php | Строка: 53
=================
[2019-03-20 12:49:10] Текст ошибки: Страница не найдена | Файл: E:\OSPanel\domains\store.local\vendor\ishop\core\Router.php | Строка: 53
=================
[2019-03-20 12:49:10] Текст ошибки: Страница не найдена | Файл: E:\OSPanel\domains\store.local\vendor\ishop\core\Router.php | Строка: 53
=================
[2019-03-20 12:53:25] Текст ошибки: syntax error, unexpected '}' | Файл: E:\OSPanel\domains\store.local\App\Controllers\ProductController.php | Строка: 31
=================
[2019-03-20 12:53:42] Текст ошибки: Страница не найдена | Файл: E:\OSPanel\domains\store.local\vendor\ishop\core\Router.php | Строка: 53
=================
[2019-03-20 12:53:42] Текст ошибки: Страница не найдена | Файл: E:\OSPanel\domains\store.local\vendor\ishop\core\Router.php | Строка: 53
=================
[2019-03-20 12:53:42] Текст ошибки: Страница не найдена | Файл: E:\OSPanel\domains\store.local\vendor\ishop\core\Router.php | Строка: 53
=================
[2019-03-20 12:53:42] Текст ошибки: Страница не найдена | Файл: E:\OSPanel\domains\store.local\vendor\ishop\core\Router.php | Строка: 53
=================
[2019-03-20 12:53:42] Текст ошибки: Страница не найдена | Файл: E:\OSPanel\domains\store.local\vendor\ishop\core\Router.php | Строка: 53
=================
[2019-03-20 12:53:42] Текст ошибки: Страница не найдена | Файл: E:\OSPanel\domains\store.local\vendor\ishop\core\Router.php | Строка: 53
=================
[2019-03-20 12:53:42] Текст ошибки: Страница не найдена | Файл: E:\OSPanel\domains\store.local\vendor\ishop\core\Router.php | Строка: 53
=================
[2019-03-20 12:53:42] Текст ошибки: Страница не найдена | Файл: E:\OSPanel\domains\store.local\vendor\ishop\core\Router.php | Строка: 53
=================
[2019-03-20 12:53:42] Текст ошибки: Страница не найдена | Файл: E:\OSPanel\domains\store.local\vendor\ishop\core\Router.php | Строка: 53
=================
[2019-03-20 12:53:42] Текст ошибки: Страница не найдена | Файл: E:\OSPanel\domains\store.local\vendor\ishop\core\Router.php | Строка: 53
=================
[2019-03-20 12:53:42] Текст ошибки: Страница не найдена | Файл: E:\OSPanel\domains\store.local\vendor\ishop\core\Router.php | Строка: 53
=================
[2019-03-20 12:53:42] Текст ошибки: Страница не найдена | Файл: E:\OSPanel\domains\store.local\vendor\ishop\core\Router.php | Строка: 53
=================
[2019-03-20 12:53:42] Текст ошибки: Страница не найдена | Файл: E:\OSPanel\domains\store.local\vendor\ishop\core\Router.php | Строка: 53
=================
[2019-03-20 12:54:02] Текст ошибки: Страница не найдена | Файл: E:\OSPanel\domains\store.local\vendor\ishop\core\Router.php | Строка: 53
=================
[2019-03-20 12:54:02] Текст ошибки: Страница не найдена | Файл: E:\OSPanel\domains\store.local\vendor\ishop\core\Router.php | Строка: 53
=================
[2019-03-20 12:54:02] Текст ошибки: Страница не найдена | Файл: E:\OSPanel\domains\store.local\vendor\ishop\core\Router.php | Строка: 53
=================
[2019-03-20 12:54:03] Текст ошибки: Страница не найдена | Файл: E:\OSPanel\domains\store.local\vendor\ishop\core\Router.php | Строка: 53
=================
[2019-03-20 12:54:03] Текст ошибки: Страница не найдена | Файл: E:\OSPanel\domains\store.local\vendor\ishop\core\Router.php | Строка: 53
=================
[2019-03-20 12:54:03] Текст ошибки: Страница не найдена | Файл: E:\OSPanel\domains\store.local\vendor\ishop\core\Router.php | Строка: 53
=================
[2019-03-20 12:54:03] Текст ошибки: Страница не найдена | Файл: E:\OSPanel\domains\store.local\vendor\ishop\core\Router.php | Строка: 53
=================
[2019-03-20 12:54:03] Текст ошибки: Страница не найдена | Файл: E:\OSPanel\domains\store.local\vendor\ishop\core\Router.php | Строка: 53
=================
[2019-03-20 12:54:03] Текст ошибки: Страница не найдена | Файл: E:\OSPanel\domains\store.local\vendor\ishop\core\Router.php | Строка: 53
=================
[2019-03-20 12:54:03] Текст ошибки: Страница не найдена | Файл: E:\OSPanel\domains\store.local\vendor\ishop\core\Router.php | Строка: 53
=================
[2019-03-20 12:54:03] Текст ошибки: Страница не найдена | Файл: E:\OSPanel\domains\store.local\vendor\ishop\core\Router.php | Строка: 53
=================
[2019-03-20 12:54:03] Текст ошибки: Страница не найдена | Файл: E:\OSPanel\domains\store.local\vendor\ishop\core\Router.php | Строка: 53
=================
[2019-03-20 12:54:03] Текст ошибки: Страница не найдена | Файл: E:\OSPanel\domains\store.local\vendor\ishop\core\Router.php | Строка: 53
=================
[2019-03-20 12:54:03] Текст ошибки: Страница не найдена | Файл: E:\OSPanel\domains\store.local\vendor\ishop\core\Router.php | Строка: 53
=================
[2019-03-20 12:54:03] Текст ошибки: Страница не найдена | Файл: E:\OSPanel\domains\store.local\vendor\ishop\core\Router.php | Строка: 53
=================
[2019-03-20 12:54:51] Текст ошибки: Страница не найдена | Файл: E:\OSPanel\domains\store.local\vendor\ishop\core\Router.php | Строка: 53
=================
[2019-03-20 12:54:51] Текст ошибки: Страница не найдена | Файл: E:\OSPanel\domains\store.local\vendor\ishop\core\Router.php | Строка: 53
=================
[2019-03-20 12:54:51] Текст ошибки: Страница не найдена | Файл: E:\OSPanel\domains\store.local\vendor\ishop\core\Router.php | Строка: 53
=================
[2019-03-20 12:54:51] Текст ошибки: Страница не найдена | Файл: E:\OSPanel\domains\store.local\vendor\ishop\core\Router.php | Строка: 53
=================
[2019-03-20 12:54:51] Текст ошибки: Страница не найдена | Файл: E:\OSPanel\domains\store.local\vendor\ishop\core\Router.php | Строка: 53
=================
[2019-03-20 12:54:51] Текст ошибки: Страница не найдена | Файл: E:\OSPanel\domains\store.local\vendor\ishop\core\Router.php | Строка: 53
=================
[2019-03-20 12:54:51] Текст ошибки: Страница не найдена | Файл: E:\OSPanel\domains\store.local\vendor\ishop\core\Router.php | Строка: 53
=================
[2019-03-20 12:54:51] Текст ошибки: Страница не найдена | Файл: E:\OSPanel\domains\store.local\vendor\ishop\core\Router.php | Строка: 53
=================
[2019-03-20 12:54:51] Текст ошибки: Страница не найдена | Файл: E:\OSPanel\domains\store.local\vendor\ishop\core\Router.php | Строка: 53
=================
[2019-03-20 12:54:51] Текст ошибки: Страница не найдена | Файл: E:\OSPanel\domains\store.local\vendor\ishop\core\Router.php | Строка: 53
=================
[2019-03-20 12:54:51] Текст ошибки: Страница не найдена | Файл: E:\OSPanel\domains\store.local\vendor\ishop\core\Router.php | Строка: 53
=================
[2019-03-20 12:54:51] Текст ошибки: Страница не найдена | Файл: E:\OSPanel\domains\store.local\vendor\ishop\core\Router.php | Строка: 53
=================
[2019-03-20 12:54:51] Текст ошибки: Страница не найдена | Файл: E:\OSPanel\domains\store.local\vendor\ishop\core\Router.php | Строка: 53
=================
[2019-03-20 12:54:51] Текст ошибки: Страница не найдена | Файл: E:\OSPanel\domains\store.local\vendor\ishop\core\Router.php | Строка: 53
=================
[2019-03-20 12:54:51] Текст ошибки: Страница не найдена | Файл: E:\OSPanel\domains\store.local\vendor\ishop\core\Router.php | Строка: 53
=================
[2019-03-20 12:54:51] Текст ошибки: Страница не найдена | Файл: E:\OSPanel\domains\store.local\vendor\ishop\core\Router.php | Строка: 53
=================
[2019-03-20 12:54:53] Текст ошибки: Страница не найдена | Файл: E:\OSPanel\domains\store.local\vendor\ishop\core\Router.php | Строка: 53
=================
[2019-03-20 12:54:53] Текст ошибки: Страница не найдена | Файл: E:\OSPanel\domains\store.local\vendor\ishop\core\Router.php | Строка: 53
=================
[2019-03-20 12:56:29] Текст ошибки: Call to undefined method App\Controllers\ProductController::meta() | Файл: E:\OSPanel\domains\store.local\App\Controllers\ProductController.php | Строка: 30
=================
[2019-03-20 12:57:08] Текст ошибки: Страница не найдена | Файл: E:\OSPanel\domains\store.local\vendor\ishop\core\Router.php | Строка: 53
=================
[2019-03-20 12:57:08] Текст ошибки: Страница не найдена | Файл: E:\OSPanel\domains\store.local\vendor\ishop\core\Router.php | Строка: 53
=================
[2019-03-20 12:57:08] Текст ошибки: Страница не найдена | Файл: E:\OSPanel\domains\store.local\vendor\ishop\core\Router.php | Строка: 53
=================
[2019-03-20 12:57:08] Текст ошибки: Страница не найдена | Файл: E:\OSPanel\domains\store.local\vendor\ishop\core\Router.php | Строка: 53
=================
[2019-03-20 12:57:08] Текст ошибки: Страница не найдена | Файл: E:\OSPanel\domains\store.local\vendor\ishop\core\Router.php | Строка: 53
=================
[2019-03-20 12:57:08] Текст ошибки: Страница не найдена | Файл: E:\OSPanel\domains\store.local\vendor\ishop\core\Router.php | Строка: 53
=================
[2019-03-20 12:57:08] Текст ошибки: Страница не найдена | Файл: E:\OSPanel\domains\store.local\vendor\ishop\core\Router.php | Строка: 53
=================
[2019-03-20 12:57:08] Текст ошибки: Страница не найдена | Файл: E:\OSPanel\domains\store.local\vendor\ishop\core\Router.php | Строка: 53
=================
[2019-03-20 12:57:08] Текст ошибки: Страница не найдена | Файл: E:\OSPanel\domains\store.local\vendor\ishop\core\Router.php | Строка: 53
=================
[2019-03-20 12:57:08] Текст ошибки: Страница не найдена | Файл: E:\OSPanel\domains\store.local\vendor\ishop\core\Router.php | Строка: 53
=================
[2019-03-20 12:57:08] Текст ошибки: Страница не найдена | Файл: E:\OSPanel\domains\store.local\vendor\ishop\core\Router.php | Строка: 53
=================
[2019-03-20 12:57:08] Текст ошибки: Страница не найдена | Файл: E:\OSPanel\domains\store.local\vendor\ishop\core\Router.php | Строка: 53
=================
[2019-03-20 12:57:09] Текст ошибки: Страница не найдена | Файл: E:\OSPanel\domains\store.local\vendor\ishop\core\Router.php | Строка: 53
=================
[2019-03-20 12:57:09] Текст ошибки: Страница не найдена | Файл: E:\OSPanel\domains\store.local\vendor\ishop\core\Router.php | Строка: 53
=================
[2019-03-20 12:58:08] Текст ошибки: Страница не найдена | Файл: E:\OSPanel\domains\store.local\vendor\ishop\core\Router.php | Строка: 53
=================
[2019-03-20 12:58:08] Текст ошибки: Страница не найдена | Файл: E:\OSPanel\domains\store.local\vendor\ishop\core\Router.php | Строка: 53
=================
[2019-03-20 12:58:08] Текст ошибки: Страница не найдена | Файл: E:\OSPanel\domains\store.local\vendor\ishop\core\Router.php | Строка: 53
=================
[2019-03-20 12:58:08] Текст ошибки: Страница не найдена | Файл: E:\OSPanel\domains\store.local\vendor\ishop\core\Router.php | Строка: 53
=================
[2019-03-20 12:58:08] Текст ошибки: Страница не найдена | Файл: E:\OSPanel\domains\store.local\vendor\ishop\core\Router.php | Строка: 53
=================
[2019-03-20 12:58:33] Текст ошибки: Страница не найдена | Файл: E:\OSPanel\domains\store.local\vendor\ishop\core\Router.php | Строка: 53
=================
[2019-03-20 12:58:37] Текст ошибки: Страница не найдена | Файл: E:\OSPanel\domains\store.local\vendor\ishop\core\Router.php | Строка: 53
=================
[2019-03-20 12:58:40] Текст ошибки: Страница не найдена | Файл: E:\OSPanel\domains\store.local\vendor\ishop\core\Router.php | Строка: 53
=================
[2019-03-20 12:59:38] Текст ошибки: Страница не найдена | Файл: E:\OSPanel\domains\store.local\vendor\ishop\core\Router.php | Строка: 53
=================
[2019-03-20 13:24:44] Текст ошибки: syntax error, unexpected '->' (T_OBJECT_OPERATOR), expecting ',' or ';' | Файл: E:\OSPanel\domains\store.local\App\Views\Product\View.php | Строка: 62
=================
[2019-03-20 13:40:45] Текст ошибки: Страница не найдена | Файл: E:\OSPanel\domains\store.local\vendor\ishop\core\Router.php | Строка: 53
=================
[2019-03-20 17:44:49] Текст ошибки: SQLSTATE[HY093]: Invalid parameter number: no parameters were bound | Файл: E:\OSPanel\domains\store.local\vendor\gabordemooij\redbean\RedBeanPHP\Driver\RPDO.php | Строка: 194
=================
[2019-03-20 17:45:14] Текст ошибки: SQLSTATE[HY093]: Invalid parameter number: no parameters were bound | Файл: E:\OSPanel\domains\store.local\vendor\gabordemooij\redbean\RedBeanPHP\Driver\RPDO.php | Строка: 194
=================
[2019-03-20 17:46:42] Текст ошибки: syntax error, unexpected 'product' (T_STRING), expecting ',' or ')' | Файл: E:\OSPanel\domains\store.local\App\Controllers\ProductController.php | Строка: 33
=================
[2019-03-20 17:47:58] Текст ошибки: SQLSTATE[HY093]: Invalid parameter number: no parameters were bound | Файл: E:\OSPanel\domains\store.local\vendor\gabordemooij\redbean\RedBeanPHP\Driver\RPDO.php | Строка: 194
=================
[2019-03-20 17:48:23] Текст ошибки: SQLSTATE[HY093]: Invalid parameter number: no parameters were bound | Файл: E:\OSPanel\domains\store.local\vendor\gabordemooij\redbean\RedBeanPHP\Driver\RPDO.php | Строка: 194
=================
[2019-03-20 17:50:10] Текст ошибки: SQLSTATE[HY093]: Invalid parameter number: no parameters were bound | Файл: E:\OSPanel\domains\store.local\vendor\gabordemooij\redbean\RedBeanPHP\Driver\RPDO.php | Строка: 194
=================
[2019-03-20 17:50:11] Текст ошибки: SQLSTATE[HY093]: Invalid parameter number: no parameters were bound | Файл: E:\OSPanel\domains\store.local\vendor\gabordemooij\redbean\RedBeanPHP\Driver\RPDO.php | Строка: 194
=================
[2019-03-20 17:50:56] Текст ошибки: SQLSTATE[HY093]: Invalid parameter number: no parameters were bound | Файл: E:\OSPanel\domains\store.local\vendor\gabordemooij\redbean\RedBeanPHP\Driver\RPDO.php | Строка: 194
=================
[2019-03-20 19:20:22] Текст ошибки: Страница не найдена | Файл: E:\OSPanel\domains\store.local\vendor\ishop\core\Router.php | Строка: 53
=================
[2019-03-20 19:20:23] Текст ошибки: Страница не найдена | Файл: E:\OSPanel\domains\store.local\vendor\ishop\core\Router.php | Строка: 53
=================
[2019-03-20 19:20:45] Текст ошибки: Страница не найдена | Файл: E:\OSPanel\domains\store.local\vendor\ishop\core\Router.php | Строка: 53
=================
[2019-03-20 19:20:45] Текст ошибки: Страница не найдена | Файл: E:\OSPanel\domains\store.local\vendor\ishop\core\Router.php | Строка: 53
=================
[2019-03-20 19:20:46] Текст ошибки: Страница не найдена | Файл: E:\OSPanel\domains\store.local\vendor\ishop\core\Router.php | Строка: 53
=================
[2019-03-20 19:21:44] Текст ошибки: Страница не найдена | Файл: E:\OSPanel\domains\store.local\vendor\ishop\core\Router.php | Строка: 53
=================
[2019-03-20 19:25:38] Текст ошибки: Страница не найдена | Файл: E:\OSPanel\domains\store.local\vendor\ishop\core\Router.php | Строка: 53
=================
[2019-03-20 19:25:39] Текст ошибки: Страница не найдена | Файл: E:\OSPanel\domains\store.local\vendor\ishop\core\Router.php | Строка: 53
=================
[2019-03-20 19:25:40] Текст ошибки: Страница не найдена | Файл: E:\OSPanel\domains\store.local\vendor\ishop\core\Router.php | Строка: 53
=================
[2019-03-20 19:25:40] Текст ошибки: Страница не найдена | Файл: E:\OSPanel\domains\store.local\vendor\ishop\core\Router.php | Строка: 53
=================
[2019-03-20 19:46:32] Текст ошибки: Страница не найдена | Файл: E:\OSPanel\domains\store.local\vendor\ishop\core\Router.php | Строка: 53
=================
[2019-03-20 19:46:36] Текст ошибки: Страница не найдена | Файл: E:\OSPanel\domains\store.local\vendor\ishop\core\Router.php | Строка: 53
=================
[2019-03-20 19:46:39] Текст ошибки: Страница не найдена | Файл: E:\OSPanel\domains\store.local\vendor\ishop\core\Router.php | Строка: 53
=================
[2019-03-20 19:46:47] Текст ошибки: Страница не найдена | Файл: E:\OSPanel\domains\store.local\vendor\ishop\core\Router.php | Строка: 53
=================
[2019-03-20 20:13:25] Текст ошибки: Страница не найдена | Файл: E:\OSPanel\domains\store.local\vendor\ishop\core\Router.php | Строка: 53
=================
[2019-03-20 20:13:33] Текст ошибки: Страница не найдена | Файл: E:\OSPanel\domains\store.local\vendor\ishop\core\Router.php | Строка: 53
=================
[2019-03-20 20:16:09] Текст ошибки: Страница не найдена | Файл: E:\OSPanel\domains\store.local\vendor\ishop\core\Router.php | Строка: 53
=================
[2019-03-20 20:21:29] Текст ошибки: Страница не найдена | Файл: E:\OSPanel\domains\store.local\vendor\ishop\core\Router.php | Строка: 53
=================
[2019-03-20 20:21:33] Текст ошибки: Страница не найдена | Файл: E:\OSPanel\domains\store.local\vendor\ishop\core\Router.php | Строка: 53
=================
[2019-03-20 20:21:36] Текст ошибки: Страница не найдена | Файл: E:\OSPanel\domains\store.local\vendor\ishop\core\Router.php | Строка: 53
=================
[2019-03-20 20:21:51] Текст ошибки: Страница не найдена | Файл: E:\OSPanel\domains\store.local\vendor\ishop\core\Router.php | Строка: 53
=================
[2019-03-20 20:21:53] Текст ошибки: Страница не найдена | Файл: E:\OSPanel\domains\store.local\vendor\ishop\core\Router.php | Строка: 53
=================
[2019-03-20 20:21:56] Текст ошибки: Страница не найдена | Файл: E:\OSPanel\domains\store.local\vendor\ishop\core\Router.php | Строка: 53
=================
[2019-03-20 20:21:59] Текст ошибки: Страница не найдена | Файл: E:\OSPanel\domains\store.local\vendor\ishop\core\Router.php | Строка: 53
=================
[2019-03-20 20:22:01] Текст ошибки: Страница не найдена | Файл: E:\OSPanel\domains\store.local\vendor\ishop\core\Router.php | Строка: 53
=================
[2019-03-20 20:27:25] Текст ошибки: Страница не найдена | Файл: E:\OSPanel\domains\store.local\vendor\ishop\core\Router.php | Строка: 53
=================
[2019-03-20 20:30:21] Текст ошибки: syntax error, unexpected ':' | Файл: E:\OSPanel\domains\store.local\App\Controllers\ProductController.php | Строка: 37
=================
[2019-03-20 20:30:44] Текст ошибки: Страница не найдена | Файл: E:\OSPanel\domains\store.local\vendor\ishop\core\Router.php | Строка: 53
=================
[2019-03-20 20:33:33] Текст ошибки: Страница не найдена | Файл: E:\OSPanel\domains\store.local\vendor\ishop\core\Router.php | Строка: 53
=================
[2019-03-20 20:33:53] Текст ошибки: Страница не найдена | Файл: E:\OSPanel\domains\store.local\vendor\ishop\core\Router.php | Строка: 53
=================
[2019-03-20 21:30:05] Текст ошибки: syntax error, unexpected ';', expecting ',' or ')' | Файл: E:\OSPanel\domains\store.local\App\Controllers\ProductController.php | Строка: 48
=================
[2019-03-20 21:30:49] Текст ошибки: Контроллер App\Controllers\CategoryController не найден | Файл: E:\OSPanel\domains\store.local\vendor\ishop\core\Router.php | Строка: 49
=================
[2019-03-20 21:30:51] Текст ошибки: Контроллер App\Controllers\CategoryController не найден | Файл: E:\OSPanel\domains\store.local\vendor\ishop\core\Router.php | Строка: 49
=================
[2019-03-20 21:54:24] Текст ошибки: Страница не найдена | Файл: E:\OSPanel\domains\store.local\vendor\ishop\core\Router.php | Строка: 53
=================
[2019-03-20 21:55:29] Текст ошибки: Страница не найдена | Файл: E:\OSPanel\domains\store.local\vendor\ishop\core\Router.php | Строка: 53
=================
[2019-03-20 21:55:31] Текст ошибки: Страница не найдена | Файл: E:\OSPanel\domains\store.local\vendor\ishop\core\Router.php | Строка: 53
=================
[2019-03-20 22:02:49] Текст ошибки: Страница не найдена | Файл: E:\OSPanel\domains\store.local\vendor\ishop\core\Router.php | Строка: 53
=================
[2019-03-20 22:04:03] Текст ошибки: Страница не найдена | Файл: E:\OSPanel\domains\store.local\vendor\ishop\core\Router.php | Строка: 53
=================
[2019-03-20 22:04:14] Текст ошибки: Страница не найдена | Файл: E:\OSPanel\domains\store.local\vendor\ishop\core\Router.php | Строка: 53
=================
[2019-03-20 22:04:14] Текст ошибки: Страница не найдена | Файл: E:\OSPanel\domains\store.local\vendor\ishop\core\Router.php | Строка: 53
=================
[2019-03-20 22:04:27] Текст ошибки: Страница не найдена | Файл: E:\OSPanel\domains\store.local\vendor\ishop\core\Router.php | Строка: 53
=================
[2019-03-20 22:04:27] Текст ошибки: Страница не найдена | Файл: E:\OSPanel\domains\store.local\vendor\ishop\core\Router.php | Строка: 53
=================
[2019-03-20 22:05:44] Текст ошибки: Страница не найдена | Файл: E:\OSPanel\domains\store.local\vendor\ishop\core\Router.php | Строка: 53
=================
[2019-03-20 22:07:45] Текст ошибки: Страница не найдена | Файл: E:\OSPanel\domains\store.local\vendor\ishop\core\Router.php | Строка: 53
=================
[2019-03-20 22:15:28] Текст ошибки: Страница не найдена | Файл: E:\OSPanel\domains\store.local\vendor\ishop\core\Router.php | Строка: 53
=================
[2019-03-20 22:15:42] Текст ошибки: Страница не найдена | Файл: E:\OSPanel\domains\store.local\vendor\ishop\core\Router.php | Строка: 53
=================
[2019-03-20 22:20:21] Текст ошибки: Страница не найдена | Файл: E:\OSPanel\domains\store.local\vendor\ishop\core\Router.php | Строка: 53
=================
